{"level":"info","msg":"LoadConfig succ","package":"config","time":"2021-03-17T11:03:57+08:00"}
{"level":"info","msg":"sdk start","package":"main","time":"2021-03-17T11:03:57+08:00"}
{"level":"info","msg":"sdk end","package":"main","time":"2021-03-17T11:03:57+08:00"}
{"level":"info","msg":"moji : root","package":"main","time":"2021-03-17T11:03:57+08:00"}
{"level":"info","msg":"ExampleServer grpcServer start","package":"grpc-ExampleServer","time":"2021-03-17T11:03:57+08:00"}
{"level":"info","msg":"LoadConfig succ","package":"config","time":"2021-03-17T11:13:22+08:00"}
{"level":"info","msg":"sdk start","package":"main","time":"2021-03-17T11:13:22+08:00"}
{"level":"info","msg":"sdk end","package":"main","time":"2021-03-17T11:13:22+08:00"}
{"level":"info","msg":"ExampleServer grpcServer start","package":"grpc-ExampleServer","time":"2021-03-17T11:13:22+08:00"}
{"level":"info","msg":"moji err : %!s(\u003cnil\u003e)","package":"grpc-ExampleServer","time":"2021-03-17T11:13:29+08:00"}
{"level":"info","msg":"Receive client message: ID: 20 Message: stream request","package":"grpc-ExampleServer","time":"2021-03-17T11:13:29+08:00"}
{"level":"info","msg":"moji err : rpc error: code = Canceled desc = context canceled","package":"grpc-ExampleServer","time":"2021-03-17T11:13:31+08:00"}
{"level":"info","msg":"moji end","package":"grpc-ExampleServer","time":"2021-03-17T11:13:31+08:00"}
{"level":"info","msg":"LoadConfig succ","package":"config","time":"2021-03-17T13:45:52+08:00"}
{"level":"info","msg":"sdk start","package":"main","time":"2021-03-17T13:45:52+08:00"}
{"level":"info","msg":"sdk end","package":"main","time":"2021-03-17T13:45:52+08:00"}
{"level":"info","msg":"ExampleServer grpcServer start","package":"grpc-ExampleServer","time":"2021-03-17T13:46:25+08:00"}
{"level":"info","msg":"LoadConfig succ","package":"config","time":"2021-03-17T15:26:16+08:00"}
{"level":"debug","msg":"sdk start","package":"main","time":"2021-03-17T15:26:16+08:00"}
{"level":"info","msg":"sdk end","package":"main","time":"2021-03-17T15:26:16+08:00"}
{"level":"info","msg":"ExampleServer grpcServer start","package":"grpc-ExampleServer","time":"2021-03-17T15:26:16+08:00"}
{"level":"info","msg":"LoadConfig succ","package":"config","time":"2021-03-17T15:26:33+08:00"}
{"level":"debug","msg":"sdk start","package":"main","time":"2021-03-17T15:26:33+08:00"}
{"level":"info","msg":"sdk end","package":"main","time":"2021-03-17T15:26:33+08:00"}
{"level":"info","msg":"ExampleServer grpcServer start","package":"grpc-ExampleServer","time":"2021-03-17T15:26:33+08:00"}
{"level":"info","msg":"LoadConfig succ","package":"config","time":"2021-03-17T15:26:50+08:00"}
{"level":"debug","msg":"sdk start","package":"main","time":"2021-03-17T15:26:50+08:00"}
{"level":"info","msg":"sdk end","package":"main","time":"2021-03-17T15:26:50+08:00"}
{"level":"info","msg":"ExampleServer grpcServer start","package":"grpc-ExampleServer","time":"2021-03-17T15:26:50+08:00"}
{"level":"info","msg":"LoadConfig succ","package":"config","time":"2021-03-17T15:27:05+08:00"}
{"level":"info","msg":"sdk end","package":"main","time":"2021-03-17T15:27:05+08:00"}
{"level":"info","msg":"ExampleServer grpcServer start","package":"grpc-ExampleServer","time":"2021-03-17T15:27:05+08:00"}
{"level":"info","msg":"sdk start","package":"main","time":"2021-03-17T15:45:05+08:00"}
{"level":"info","msg":"sdk end","package":"main","time":"2021-03-17T15:45:05+08:00"}
{"level":"info","msg":"ExampleServer grpcServer start","package":"grpc-ExampleServer","time":"2021-03-17T15:45:05+08:00"}
{"level":"info","msg":"sdk start","package":"main","time":"2021-03-17T15:46:10+08:00"}
{"level":"info","msg":"sdk end","package":"main","time":"2021-03-17T15:46:10+08:00"}
{"level":"info","msg":"ExampleServer grpcServer start","package":"grpc-ExampleServer","time":"2021-03-17T15:46:10+08:00"}
{"level":"info","msg":"sdk start","package":"main","time":"2021-03-17T15:46:39+08:00"}
{"level":"info","msg":"ExampleServer grpcServer start","package":"grpc-ExampleServer","time":"2021-03-17T15:46:39+08:00"}
{"level":"info","msg":"moji err : %!s(\u003cnil\u003e)","package":"grpc-ExampleServer","time":"2021-03-17T15:47:24+08:00"}
{"level":"info","msg":"Receive client message: ID: 20 Message: stream request","package":"grpc-ExampleServer","time":"2021-03-17T15:47:24+08:00"}
{"level":"info","msg":"moji err : rpc error: code = Canceled desc = context canceled","package":"grpc-ExampleServer","time":"2021-03-17T15:47:37+08:00"}
{"level":"info","msg":"moji end","package":"grpc-ExampleServer","time":"2021-03-17T15:47:37+08:00"}
{"level":"info","msg":"sdk start","package":"main","time":"2021-03-17T15:54:03+08:00"}
{"level":"info","msg":"ExampleServer grpcServer start","package":"grpc-ExampleServer","time":"2021-03-17T15:54:03+08:00"}
{"level":"info","msg":"Receive client message: ID: 20 Message: stream request","package":"grpc-ExampleServer","time":"2021-03-17T15:54:15+08:00"}
{"level":"info","msg":"Receive client message: ID: 20 Message: stream request","package":"grpc-ExampleServer","time":"2021-03-17T15:54:24+08:00"}
{"level":"info","msg":"EchoStream err : rpc error: code = Canceled desc = context canceled , uuid: 2 end","package":"grpc-ExampleServer","time":"2021-03-17T15:54:38+08:00"}
{"level":"info","msg":"Receive client message: ID: 20 Message: stream request","package":"grpc-ExampleServer","time":"2021-03-17T15:54:41+08:00"}
{"level":"info","msg":"EchoStream err : rpc error: code = Canceled desc = context canceled , uuid: 3 end","package":"grpc-ExampleServer","time":"2021-03-17T15:54:52+08:00"}
{"level":"info","msg":"EchoStream err : rpc error: code = Canceled desc = context canceled , uuid: 1 end","package":"grpc-ExampleServer","time":"2021-03-17T15:54:58+08:00"}
{"level":"info","msg":"sdk start","package":"main","time":"2021-03-17T15:56:41+08:00"}
{"level":"info","msg":"ExampleServer grpcServer start","package":"grpc-ExampleServer","time":"2021-03-17T15:56:41+08:00"}
{"level":"info","msg":"Receive client message: ID: 20 Message: stream request","package":"grpc-ExampleServer","time":"2021-03-17T15:57:41+08:00"}
{"level":"info","msg":"Receive client message: ID: 20 Message: stream request","package":"grpc-ExampleServer","time":"2021-03-17T15:57:56+08:00"}
{"level":"info","msg":"EchoStream err : rpc error: code = Canceled desc = context canceled , uuid: 2 end","package":"grpc-ExampleServer","time":"2021-03-17T15:58:04+08:00"}
{"level":"info","msg":"Receive client message: ID: 20 Message: stream request","package":"grpc-ExampleServer","time":"2021-03-17T15:58:05+08:00"}
{"level":"info","msg":"EchoStream err : rpc error: code = Canceled desc = context canceled , uuid: 3 end","package":"grpc-ExampleServer","time":"2021-03-17T15:58:08+08:00"}
{"level":"info","msg":"EchoStream err : rpc error: code = Canceled desc = context canceled , uuid: 1 end","package":"grpc-ExampleServer","time":"2021-03-17T15:58:09+08:00"}
{"level":"info","msg":"sdk start","package":"main","time":"2021-03-17T16:25:27+08:00"}
{"level":"info","msg":"ExampleServer grpcServer start","package":"grpc-ExampleServer","time":"2021-03-17T16:25:27+08:00"}
{"level":"info","msg":"sdk start","package":"main","time":"2021-03-17T16:26:39+08:00"}
{"level":"info","msg":"ExampleServer grpcServer start","package":"grpc-ExampleServer","time":"2021-03-17T16:26:39+08:00"}
{"level":"info","msg":"Receive client message: ID: 20 Message: stream request","package":"grpc-ExampleServer","time":"2021-03-17T16:26:50+08:00"}
{"level":"info","msg":"EchoStream err : rpc error: code = Canceled desc = context canceled , uuid: 1 end","package":"grpc-ExampleServer","time":"2021-03-17T16:26:57+08:00"}
{"level":"info","msg":"sdk start","package":"main","time":"2021-03-17T16:27:12+08:00"}
{"level":"info","msg":"ExampleServer grpcServer start","package":"grpc-ExampleServer","time":"2021-03-17T16:27:12+08:00"}
{"level":"info","msg":"Receive client message: ID: 20 Message: stream request","package":"grpc-ExampleServer","time":"2021-03-17T16:27:17+08:00"}
{"level":"info","msg":"Receive client message: ID: 20 Message: stream request","package":"grpc-ExampleServer","time":"2021-03-17T16:27:21+08:00"}
{"level":"info","msg":"EchoStream err : rpc error: code = Canceled desc = context canceled , uuid: 2 end","package":"grpc-ExampleServer","time":"2021-03-17T16:27:22+08:00"}
